<?xml version="1.0" encoding="UTF-8"?>
<!-- Generated by org.testng.reporters.JUnitXMLReporter -->
<testsuite hostname="DESKTOP-V9OVTSJ" ignored="0" name="Command line test" tests="2" failures="1" timestamp="2021-05-17T16:09:45 IST" time="15.571" errors="0">
  <testcase name="homePageTitle" time="0.21" classname="com.RedBus.qa.testcases.SearchPageTest"/>
  <testcase name="search" time="0.0" classname="com.RedBus.qa.testcases.SearchPageTest">
    <failure type="java.lang.NullPointerException">
      <![CDATA[java.lang.NullPointerException
at com.RedBus.qa.pages.HomePage.search(HomePage.java:45)
at com.RedBus.qa.testcases.SearchPageTest.search(SearchPageTest.java:36)
at java.util.ArrayList.forEach(Unknown Source)
... Removed 36 stack frames]]>
    </failure>
  </testcase> <!-- search -->
</testsuite> <!-- Command line test -->
