-------------------------------------------------------------------------------
Test set: com.RedBus.qa.testcases.SearchPageTest
-------------------------------------------------------------------------------
Tests run: 2, Failures: 1, Errors: 0, Skipped: 0, Time elapsed: 16.538 sec <<< FAILURE!
search(com.RedBus.qa.testcases.SearchPageTest)  Time elapsed: 0.007 sec  <<< FAILURE!
java.lang.NullPointerException
	at com.RedBus.qa.pages.HomePage.search(HomePage.java:45)
	at com.RedBus.qa.testcases.SearchPageTest.search(SearchPageTest.java:36)

