<?xml version="1.0" encoding="UTF-8"?>
<testng-results skipped="0" failed="1" ignored="0" total="2" passed="1">
  <reporter-output>
  </reporter-output>
  <suite name="com.RedBus.qa.testcases.SearchPageTest" duration-ms="15571" started-at="2021-05-17T16:09:30 IST" finished-at="2021-05-17T16:09:45 IST">
    <groups>
    </groups>
    <test name="Command line test" duration-ms="15571" started-at="2021-05-17T16:09:30 IST" finished-at="2021-05-17T16:09:45 IST">
      <class name="com.RedBus.qa.testcases.SearchPageTest">
        <test-method status="PASS" signature="setUp()[pri:0, instance:com.RedBus.qa.testcases.SearchPageTest@5442a311]" name="setUp" is-config="true" duration-ms="6420" started-at="2021-05-17T16:09:30 IST" finished-at="2021-05-17T16:09:36 IST">
          <reporter-output>
          </reporter-output>
        </test-method> <!-- setUp -->
        <test-method status="PASS" signature="homePageTitle()[pri:0, instance:com.RedBus.qa.testcases.SearchPageTest@5442a311]" name="homePageTitle" duration-ms="210" started-at="2021-05-17T16:09:36 IST" finished-at="2021-05-17T16:09:36 IST">
          <reporter-output>
          </reporter-output>
        </test-method> <!-- homePageTitle -->
        <test-method status="PASS" signature="tearDown()[pri:0, instance:com.RedBus.qa.testcases.SearchPageTest@5442a311]" name="tearDown" is-config="true" duration-ms="1420" started-at="2021-05-17T16:09:36 IST" finished-at="2021-05-17T16:09:38 IST">
          <reporter-output>
          </reporter-output>
        </test-method> <!-- tearDown -->
        <test-method status="PASS" signature="setUp()[pri:0, instance:com.RedBus.qa.testcases.SearchPageTest@5442a311]" name="setUp" is-config="true" duration-ms="6675" started-at="2021-05-17T16:09:38 IST" finished-at="2021-05-17T16:09:45 IST">
          <reporter-output>
          </reporter-output>
        </test-method> <!-- setUp -->
        <test-method status="FAIL" signature="search()[pri:0, instance:com.RedBus.qa.testcases.SearchPageTest@5442a311]" name="search" duration-ms="0" started-at="2021-05-17T16:09:45 IST" finished-at="2021-05-17T16:09:45 IST">
          <exception class="java.lang.NullPointerException">
            <full-stacktrace>
              <![CDATA[java.lang.NullPointerException
at com.RedBus.qa.pages.HomePage.search(HomePage.java:45)
at com.RedBus.qa.testcases.SearchPageTest.search(SearchPageTest.java:36)
at sun.reflect.NativeMethodAccessorImpl.invoke0(Native Method)
at sun.reflect.NativeMethodAccessorImpl.invoke(Unknown Source)
at sun.reflect.DelegatingMethodAccessorImpl.invoke(Unknown Source)
at java.lang.reflect.Method.invoke(Unknown Source)
at org.testng.internal.MethodInvocationHelper.invokeMethod(MethodInvocationHelper.java:132)
at org.testng.internal.TestInvoker.invokeMethod(TestInvoker.java:599)
at org.testng.internal.TestInvoker.invokeTestMethod(TestInvoker.java:174)
at org.testng.internal.MethodRunner.runInSequence(MethodRunner.java:46)
at org.testng.internal.TestInvoker$MethodInvocationAgent.invoke(TestInvoker.java:822)
at org.testng.internal.TestInvoker.invokeTestMethods(TestInvoker.java:147)
at org.testng.internal.TestMethodWorker.invokeTestMethods(TestMethodWorker.java:146)
at org.testng.internal.TestMethodWorker.run(TestMethodWorker.java:128)
at java.util.ArrayList.forEach(Unknown Source)
at org.testng.TestRunner.privateRun(TestRunner.java:764)
at org.testng.TestRunner.run(TestRunner.java:585)
at org.testng.SuiteRunner.runTest(SuiteRunner.java:384)
at org.testng.SuiteRunner.runSequentially(SuiteRunner.java:378)
at org.testng.SuiteRunner.privateRun(SuiteRunner.java:337)
at org.testng.SuiteRunner.run(SuiteRunner.java:286)
at org.testng.SuiteRunnerWorker.runSuite(SuiteRunnerWorker.java:53)
at org.testng.SuiteRunnerWorker.run(SuiteRunnerWorker.java:96)
at org.testng.TestNG.runSuitesSequentially(TestNG.java:1218)
at org.testng.TestNG.runSuitesLocally(TestNG.java:1140)
at org.testng.TestNG.runSuites(TestNG.java:1069)
at org.testng.TestNG.run(TestNG.java:1037)
at org.apache.maven.surefire.testng.TestNGExecutor.run(TestNGExecutor.java:77)
at org.apache.maven.surefire.testng.TestNGDirectoryTestSuite.execute(TestNGDirectoryTestSuite.java:110)
at org.apache.maven.surefire.testng.TestNGProvider.invoke(TestNGProvider.java:106)
at sun.reflect.NativeMethodAccessorImpl.invoke0(Native Method)
at sun.reflect.NativeMethodAccessorImpl.invoke(Unknown Source)
at sun.reflect.DelegatingMethodAccessorImpl.invoke(Unknown Source)
at java.lang.reflect.Method.invoke(Unknown Source)
at org.apache.maven.surefire.util.ReflectionUtils.invokeMethodWithArray(ReflectionUtils.java:189)
at org.apache.maven.surefire.booter.ProviderFactory$ProviderProxy.invoke(ProviderFactory.java:165)
at org.apache.maven.surefire.booter.ProviderFactory.invokeProvider(ProviderFactory.java:85)
at org.apache.maven.surefire.booter.ForkedBooter.runSuitesInProcess(ForkedBooter.java:115)
at org.apache.maven.surefire.booter.ForkedBooter.main(ForkedBooter.java:75)
]]>
            </full-stacktrace>
          </exception> <!-- java.lang.NullPointerException -->
          <reporter-output>
          </reporter-output>
        </test-method> <!-- search -->
        <test-method status="PASS" signature="tearDown()[pri:0, instance:com.RedBus.qa.testcases.SearchPageTest@5442a311]" name="tearDown" is-config="true" duration-ms="761" started-at="2021-05-17T16:09:45 IST" finished-at="2021-05-17T16:09:45 IST">
          <reporter-output>
          </reporter-output>
        </test-method> <!-- tearDown -->
      </class> <!-- com.RedBus.qa.testcases.SearchPageTest -->
    </test> <!-- Command line test -->
  </suite> <!-- com.RedBus.qa.testcases.SearchPageTest -->
</testng-results>
