<?xml version="1.0" encoding="UTF-8" ?>
<testsuite tests="2" failures="1" name="com.RedBus.qa.testcases.SearchPageTest" time="0.23" errors="0" skipped="0">
  <properties>
[...]
</properties>
  <testcase classname="com.RedBus.qa.testcases.SearchPageTest" name="homePageTitle" time="0.223"/>
  <testcase classname="com.RedBus.qa.testcases.SearchPageTest" name="search" time="0.007">
    <failure type="java.lang.NullPointerException">java.lang.NullPointerException
	at com.RedBus.qa.pages.HomePage.search(HomePage.java:45)
	at com.RedBus.qa.testcases.SearchPageTest.search(SearchPageTest.java:36)
</failure>
    <system-err>Starting ChromeDriver 90.0.4430.24 (4c6d850f087da467d926e8eddb76550aed655991-refs/branch-heads/4430@{#429}) on port 5073
Only local connections are allowed.
Please see https://chromedriver.chromium.org/security-considerations for suggestions on keeping ChromeDriver safe.
ChromeDriver was started successfully.
May 17, 2021 4:09:40 PM org.openqa.selenium.remote.ProtocolHandshake createSession
INFO: Detected dialect: W3C
</system-err>
  </testcase>
</testsuite>