<?xml version="1.0" encoding="UTF-8"?>
<testng-results skipped="0" failed="1" ignored="0" total="2" passed="1">
  <reporter-output>
  </reporter-output>
  <suite name="Default suite" duration-ms="18435" started-at="2021-05-17T14:04:17 IST" finished-at="2021-05-17T14:04:35 IST">
    <groups>
    </groups>
    <test name="Default test" duration-ms="18435" started-at="2021-05-17T14:04:17 IST" finished-at="2021-05-17T14:04:35 IST">
      <class name="com.RedBus.qa.testcases.SearchPageTest">
        <test-method status="PASS" signature="setUp()[pri:0, instance:com.RedBus.qa.testcases.SearchPageTest@67205a84]" name="setUp" is-config="true" duration-ms="10803" started-at="2021-05-17T14:04:17 IST" finished-at="2021-05-17T14:04:28 IST">
          <reporter-output>
          </reporter-output>
        </test-method> <!-- setUp -->
        <test-method status="PASS" signature="homePageTitle()[pri:0, instance:com.RedBus.qa.testcases.SearchPageTest@67205a84]" name="homePageTitle" duration-ms="98" started-at="2021-05-17T14:04:28 IST" finished-at="2021-05-17T14:04:28 IST">
          <reporter-output>
          </reporter-output>
        </test-method> <!-- homePageTitle -->
        <test-method status="PASS" signature="tearDown()[pri:0, instance:com.RedBus.qa.testcases.SearchPageTest@67205a84]" name="tearDown" is-config="true" duration-ms="1068" started-at="2021-05-17T14:04:28 IST" finished-at="2021-05-17T14:04:29 IST">
          <reporter-output>
          </reporter-output>
        </test-method> <!-- tearDown -->
        <test-method status="PASS" signature="setUp()[pri:0, instance:com.RedBus.qa.testcases.SearchPageTest@67205a84]" name="setUp" is-config="true" duration-ms="5616" started-at="2021-05-17T14:04:29 IST" finished-at="2021-05-17T14:04:35 IST">
          <reporter-output>
          </reporter-output>
        </test-method> <!-- setUp -->
        <test-method status="FAIL" signature="search()[pri:0, instance:com.RedBus.qa.testcases.SearchPageTest@67205a84]" name="search" duration-ms="3" started-at="2021-05-17T14:04:35 IST" finished-at="2021-05-17T14:04:35 IST">
          <exception class="java.lang.NullPointerException">
            <full-stacktrace>
              <![CDATA[java.lang.NullPointerException
at com.RedBus.qa.pages.HomePage.search(HomePage.java:43)
at com.RedBus.qa.testcases.SearchPageTest.search(SearchPageTest.java:36)
at sun.reflect.NativeMethodAccessorImpl.invoke0(Native Method)
at sun.reflect.NativeMethodAccessorImpl.invoke(NativeMethodAccessorImpl.java:62)
at sun.reflect.DelegatingMethodAccessorImpl.invoke(DelegatingMethodAccessorImpl.java:43)
at java.lang.reflect.Method.invoke(Method.java:498)
at org.testng.internal.MethodInvocationHelper.invokeMethod(MethodInvocationHelper.java:132)
at org.testng.internal.TestInvoker.invokeMethod(TestInvoker.java:599)
at org.testng.internal.TestInvoker.invokeTestMethod(TestInvoker.java:174)
at org.testng.internal.MethodRunner.runInSequence(MethodRunner.java:46)
at org.testng.internal.TestInvoker$MethodInvocationAgent.invoke(TestInvoker.java:822)
at org.testng.internal.TestInvoker.invokeTestMethods(TestInvoker.java:147)
at org.testng.internal.TestMethodWorker.invokeTestMethods(TestMethodWorker.java:146)
at org.testng.internal.TestMethodWorker.run(TestMethodWorker.java:128)
at java.util.ArrayList.forEach(ArrayList.java:1257)
at org.testng.TestRunner.privateRun(TestRunner.java:764)
at org.testng.TestRunner.run(TestRunner.java:585)
at org.testng.SuiteRunner.runTest(SuiteRunner.java:384)
at org.testng.SuiteRunner.runSequentially(SuiteRunner.java:378)
at org.testng.SuiteRunner.privateRun(SuiteRunner.java:337)
at org.testng.SuiteRunner.run(SuiteRunner.java:286)
at org.testng.SuiteRunnerWorker.runSuite(SuiteRunnerWorker.java:53)
at org.testng.SuiteRunnerWorker.run(SuiteRunnerWorker.java:96)
at org.testng.TestNG.runSuitesSequentially(TestNG.java:1218)
at org.testng.TestNG.runSuitesLocally(TestNG.java:1140)
at org.testng.TestNG.runSuites(TestNG.java:1069)
at org.testng.TestNG.run(TestNG.java:1037)
at org.testng.remote.AbstractRemoteTestNG.run(AbstractRemoteTestNG.java:115)
at org.testng.remote.RemoteTestNG.initAndRun(RemoteTestNG.java:251)
at org.testng.remote.RemoteTestNG.main(RemoteTestNG.java:77)
]]>
            </full-stacktrace>
          </exception> <!-- java.lang.NullPointerException -->
          <reporter-output>
          </reporter-output>
        </test-method> <!-- search -->
        <test-method status="PASS" signature="tearDown()[pri:0, instance:com.RedBus.qa.testcases.SearchPageTest@67205a84]" name="tearDown" is-config="true" duration-ms="781" started-at="2021-05-17T14:04:35 IST" finished-at="2021-05-17T14:04:35 IST">
          <reporter-output>
          </reporter-output>
        </test-method> <!-- tearDown -->
      </class> <!-- com.RedBus.qa.testcases.SearchPageTest -->
    </test> <!-- Default test -->
  </suite> <!-- Default suite -->
</testng-results>
